<?xml version="1.0" encoding="UTF-8"?>
<beans xmlns="http://www.springframework.org/schema/beans" xmlns:xsi="http://www.w3.org/2001/XMLSchema-instance"
	xmlns:jdbc="http://www.springframework.org/schema/jdbc" 
	xmlns:context="http://www.springframework.org/schema/context"
	xmlns:tx="http://www.springframework.org/schema/tx"
	xsi:schemaLocation="http://www.springframework.org/schema/beans
							http://www.springframework.org/schema/beans/spring-beans.xsd
							http://www.springframework.org/schema/jdbc
							http://www.springframework.org/schema/jdbc/spring-jdbc.xsd
							http://www.springframework.org/schema/tx
							http://www.springframework.org/schema/tx/spring-tx.xsd
							http://www.springframework.org/schema/context 
							http://www.springframework.org/schema/context/spring-context.xsd">


	<!-- Scan for classes annotated as @Component,@Service... -->
	<context:component-scan base-package="victor.training" />

	<bean class="org.springframework.jdbc.datasource.SingleConnectionDataSource">
		<property name="driverClassName" value="oracle.jdbc.OracleDriver" />
		<property name="username" value=""
	</bean>

	<jdbc:embedded-database id="realDataSource">
		<jdbc:script location="classpath:test-db-schema.sql" />
	</jdbc:embedded-database>

	<!-- When using legacy JDBC code, enlisting Connections in Spring-managed @Transactional needs to proxy the DataSource: -->
	<!-- http://forum.spring.io/forum/spring-projects/aop/120751-spring-plain-jdbc-transaction-management -->	
	<bean id="dataSource" primary="true" class="org.springframework.jdbc.datasource.TransactionAwareDataSourceProxy" >
		<property name="targetDataSource" ref="realDataSource"/>
	</bean>
	
	<bean class="org.springframework.jdbc.core.JdbcTemplate">
		<constructor-arg ref="dataSource"/>
	</bean>
	

	<!-- ****** Transactions ****** -->

	<!-- Enable @Transactional -->
	<tx:annotation-driven/>
	
	<bean id="transactionManager" class="org.springframework.jdbc.datasource.DataSourceTransactionManager">
		<property name="dataSource" ref="realDataSource" />
	</bean>
	
</beans>
