<?xml version="1.0" encoding="UTF-8"?>
<beans xmlns="http://www.springframework.org/schema/beans" xmlns:xsi="http://www.w3.org/2001/XMLSchema-instance"
	xmlns:jdbc="http://www.springframework.org/schema/jdbc" xmlns:context="http://www.springframework.org/schema/context"
	xmlns:tx="http://www.springframework.org/schema/tx" xmlns:data="http://www.springframework.org/schema/data/jpa"
	xsi:schemaLocation="http://www.springframework.org/schema/beans http://www.springframework.org/schema/beans/spring-beans-3.0.xsd
							http://www.springframework.org/schema/jdbc http://www.springframework.org/schema/jdbc/spring-jdbc-3.0.xsd
							http://www.springframework.org/schema/context http://www.springframework.org/schema/context/spring-context-3.0.xsd
							http://www.springframework.org/schema/tx http://www.springframework.org/schema/tx/spring-tx-3.0.xsd
							http://www.springframework.org/schema/data/jpa http://www.springframework.org/schema/data/jpa/spring-jpa.xsd">

	<!-- @Component -->
	<context:component-scan base-package="victor.training.jpa" />

	<data:repositories base-package="victor.training.jpa" />
	

	<!-- @Transactional -->
	<tx:annotation-driven />

	<jdbc:embedded-database id="dataSource">
		<jdbc:script location="classpath:test-db-schema.sql" />
	</jdbc:embedded-database>

	<!-- @PersistenceContext -->
	<bean class="org.springframework.orm.jpa.support.PersistenceAnnotationBeanPostProcessor" />


	<bean id="entityManagerFactory" class="org.springframework.orm.jpa.LocalContainerEntityManagerFactoryBean">
		<property name="dataSource" ref="dataSource" />
		<property name="jpaVendorAdapter">
			<bean class="org.springframework.orm.jpa.vendor.HibernateJpaVendorAdapter">
				<property name="database" value="HSQL" />
			</bean>
		</property>
		<property name="jpaProperties">
			<props>
				<prop key="hibernate.use_sql_comments">true</prop>
				<prop key="hibernate.show_sql">true</prop>
				<prop key="hibernate.format_sql">false</prop>
				<prop key="hibernate.hbm2ddl.auto">validate</prop> <!-- or create, update, ... -->
				<prop key="databasePlatform">org.hibernate.dialect.HSQLDialect</prop>
			</props>
		</property>
		<property name="packagesToScan" value="victor.training.jpa" />
	</bean>

	<!-- Setup a JPA TransactionManager -->
	<bean id="transactionManager" class="org.springframework.orm.jpa.JpaTransactionManager">
		<property name="entityManagerFactory" ref="entityManagerFactory" />
	</bean>



</beans>
