<?xml version="1.0" encoding="UTF-8"?>
<beans xmlns="http://www.springframework.org/schema/beans" xmlns:xsi="http://www.w3.org/2001/XMLSchema-instance"
	xmlns:jdbc="http://www.springframework.org/schema/jdbc" xmlns:context="http://www.springframework.org/schema/context"
	xmlns:tx="http://www.springframework.org/schema/tx"
	xsi:schemaLocation="http://www.springframework.org/schema/beans
							http://www.springframework.org/schema/beans/spring-beans-3.0.xsd
							http://www.springframework.org/schema/jdbc
							http://www.springframework.org/schema/jdbc/spring-jdbc-3.0.xsd
							http://www.springframework.org/schema/context 
							http://www.springframework.org/schema/context/spring-context-3.0.xsd
							http://www.springframework.org/schema/tx http://www.springframework.org/schema/tx/spring-tx-3.0.xsd">

	<bean class="victor.training.jpa.dao.EmployeeDAOJpa" />
	<bean class="victor.training.jpa.service.HRServiceImpl" autowire="byType"/>

	<!-- @Autowired -->
	<context:annotation-config />

	<!-- @Component -->
	<context:component-scan base-package="victor.training.jpa" />

	<!-- @Transactional -->
	<tx:annotation-driven />

	<jdbc:embedded-database id="dataSource">
		<jdbc:script location="classpath:test-db-schema.sql" />
	</jdbc:embedded-database>

	<!-- @PersistenceContext -->
	<bean class="org.springframework.orm.jpa.support.PersistenceAnnotationBeanPostProcessor" />

	<!-- Create an EntityManagerFactory -->
	<bean id="entityManagerFactory" class="org.springframework.orm.jpa.LocalContainerEntityManagerFactoryBean">
		<property name="dataSource" ref="dataSource" />
		<property name="jpaVendorAdapter">
			<bean class="org.springframework.orm.jpa.vendor.HibernateJpaVendorAdapter">
				<property name="database" value="HSQL" />
				<property name="showSql" value="true" />
				<property name="generateDdl" value="false" />
				<property name="databasePlatform" value="org.hibernate.dialect.HSQLDialect" />
			</bean>
		</property>
	</bean>

	<!-- Setup a JPA TransactionManager -->
	<bean id="transactionManager" class="org.springframework.orm.jpa.JpaTransactionManager">
		<property name="entityManagerFactory" ref="entityManagerFactory" />
	</bean>



</beans>
